#
# A fatal error has been detected by the Java Runtime Environment:
#
#  EXCEPTION_ACCESS_VIOLATION (0xc0000005) at pc=0x0000000010014ed4, pid=12508, tid=11712
#
# JRE version: OpenJDK Runtime Environment Zulu21.38+21-CA (21.0.5+11) (build 21.0.5+11-LTS)
# Java VM: OpenJDK 64-Bit Server VM Zulu21.38+21-CA (21.0.5+11-LTS, mixed mode, sharing, tiered, compressed oops, compressed class ptrs, g1 gc, windows-amd64)
# Problematic frame:
# C  [sigar-amd64-winnt.dll+0x14ed4]
#
# No core dump will be written. Minidumps are not enabled by default on client versions of Windows
#
# If you would like to submit a bug report, please visit:
#   http://www.azul.com/support/
# The crash happened outside the Java Virtual Machine in native code.
# See problematic frame for where to report the bug.
#

---------------  S U M M A R Y ------------

Command Line: BenchmarkNumerosPrimos 4 110000

Host: AMD Ryzen 5 2500U with Radeon Vega Mobile Gfx  , 8 cores, 10G,  Windows 10 , 64 bit Build 19041 (10.0.19041.5072)
Time: Thu Dec 19 09:15:53 2024 Hora Padrão de Buenos Aires elapsed time: 2.461543 seconds (0d 0h 0m 2s)

---------------  T H R E A D  ---------------

Current thread (0x0000028da60ee5d0):  JavaThread "Timer-0"          [_thread_in_native, id=11712, stack(0x000000bfe0600000,0x000000bfe0700000) (1024K)]

Stack: [0x000000bfe0600000,0x000000bfe0700000],  sp=0x000000bfe06febf0,  free space=1018k
Native frames: (J=compiled Java code, j=interpreted, Vv=VM code, C=native code)
C  [sigar-amd64-winnt.dll+0x14ed4]

Java frames: (J=compiled Java code, j=interpreted, Vv=VM code)
j  org.hyperic.sigar.Cpu.gather(Lorg/hyperic/sigar/Sigar;)V+0
j  org.hyperic.sigar.Cpu.fetch(Lorg/hyperic/sigar/Sigar;)Lorg/hyperic/sigar/Cpu;+10
j  org.hyperic.sigar.Sigar.getCpu()Lorg/hyperic/sigar/Cpu;+1
j  org.hyperic.sigar.Sigar.getCpuPerc()Lorg/hyperic/sigar/CpuPerc;+8
j  MonitorThread.run()V+4
j  java.util.TimerThread.mainLoop()V+221 java.base@21.0.5
j  java.util.TimerThread.run()V+1 java.base@21.0.5
v  ~StubRoutines::call_stub 0x0000028d52dc100d

siginfo: EXCEPTION_ACCESS_VIOLATION (0xc0000005), reading address 0x0000000060f20d88


Registers:
RAX=0x0000000060f20c50, RBX=0x0000028da2416df8, RCX=0x0000028da60ee990, RDX=0x000000bfe06fedc0
RSP=0x000000bfe06febf0, RBP=0x000000bfe06feda0, RSI=0x000000bfe06ff570, RDI=0x0000028d52dc893e
R8 =0x0000000000000032, R9 =0x000000075c4bbac0, R10=0x00007ffc66a9f1e0, R11=0x0000000000000002
R12=0x0000000000000000, R13=0x0000028da2416df0, R14=0x000000bfe06fedc8, R15=0x0000028da60ee5d0
RIP=0x0000000010014ed4, EFLAGS=0x0000000000010206


Register to memory mapping:

RAX=0x0000000060f20c50 is an unknown value
RBX={method} {0x0000028da2416e00} 'gather' '(Lorg/hyperic/sigar/Sigar;)V' in 'org/hyperic/sigar/Cpu'
RCX=0x0000028da60ee990 points into unknown readable memory: 0x00007ffc66a167e0 | e0 67 a1 66 fc 7f 00 00
RDX=0x000000bfe06fedc0 is pointing into the stack for thread: 0x0000028da60ee5d0
RSP=0x000000bfe06febf0 is pointing into the stack for thread: 0x0000028da60ee5d0
RBP=0x000000bfe06feda0 is pointing into the stack for thread: 0x0000028da60ee5d0
RSI=0x000000bfe06ff570 is pointing into the stack for thread: 0x0000028da60ee5d0
RDI=0x0000028d52dc893e is at code_begin+1406 in an Interpreter codelet
return entry points  [0x0000028d52dc83c0, 0x0000028d52dc8f60]  2976 bytes
R8 =0x0000000000000032 is an unknown value
R9 =0x000000075c4bbac0 is an oop: org.hyperic.sigar.Sigar 
{0x000000075c4bbac0} - klass: 'org/hyperic/sigar/Sigar'
 - ---- fields (total size 6 words):
 - 'sigarWrapper' 'I' @12  1626475600 (0x60f20c50)
 - 'longSigarWrapper' 'J' @16  0 (0x0000000000000000)
 - private 'open' 'Z' @24  true (0x01)
 - private 'mounts' 'Lorg/hyperic/sigar/FileSystemMap;' @28  null (0x00000000)
 - private 'lastCpu' 'Lorg/hyperic/sigar/Cpu;' @32  null (0x00000000)
 - private 'lastCpuList' '[Lorg/hyperic/sigar/Cpu;' @36  null (0x00000000)
 - private 'processFinder' 'Lorg/hyperic/sigar/ptql/ProcessFinder;' @40  null (0x00000000)
R10=0x00007ffc66a9f1e0 jvm.dll
R11=0x0000000000000002 is an unknown value
R12=0x0 is null
R13=0x0000028da2416df0 is pointing into metadata
R14=0x000000bfe06fedc8 is pointing into the stack for thread: 0x0000028da60ee5d0
R15=0x0000028da60ee5d0 is a thread

Top of Stack: (sp=0x000000bfe06febf0)
0x000000bfe06febf0:   0000028da60ee990 000000bfe06fedc0
0x000000bfe06fec00:   0000028da60ee5d0 0000000000000000
0x000000bfe06fec10:   0000000060f20c50 0000028da2417d18
0x000000bfe06fec20:   0000028d52dc893e 0000000010018291
0x000000bfe06fec30:   0000028da60ee990 000000bfe06fedc0
0x000000bfe06fec40:   0000000000000006 000000000000000d
0x000000bfe06fec50:   0000000000000006 00007ffc66180c27
0x000000bfe06fec60:   0000d9e0b7267647 0000028d52dc893e
0x000000bfe06fec70:   0000028da60ee5d0 000000bfe06fedc8
0x000000bfe06fec80:   0000000000000000 0000028d52dc893e
0x000000bfe06fec90:   0000028d52dc893e 0000028da2416df0
0x000000bfe06feca0:   000000bfe06feda0 0000028d60c426f8
0x000000bfe06fecb0:   0000028d52dc893e 000000000000019c
0x000000bfe06fecc0:   0000028da60ee5d0 0000028da60ee5d0
0x000000bfe06fecd0:   0000028da2416df8 0000028da60ee5d0
0x000000bfe06fece0:   0000028d52dc893e 0000028d52dcccbc
0x000000bfe06fecf0:   0000028da2416df8 0000028da2416df8
0x000000bfe06fed00:   0000028d52dc893e 0000028d52dc893e
0x000000bfe06fed10:   0000028da2416df8 0000028d52dcce4b
0x000000bfe06fed20:   0000028da60ee990 000000bfe06fedc8
0x000000bfe06fed30:   000000bfe06fedc0 000000bfe06ff570
0x000000bfe06fed40:   0000028da2416d50 0000028d52dd83d9
0x000000bfe06fed50:   0000028d52dccadf 000000bfe06fed58
0x000000bfe06fed60:   0000028da2416df0 0000000000000005
0x000000bfe06fed70:   0000028da2417a50 0000000000000000
0x000000bfe06fed80:   000000075c4ea2b0 0000028da2416df8
0x000000bfe06fed90:   0000000000000000 000000bfe06fedc0
0x000000bfe06feda0:   000000bfe06fee18 0000028d52dc8860
0x000000bfe06fedb0:   0000000000000000 0000028d52dca3d7
0x000000bfe06fedc0:   000000075c4bbac0 000000075c4ea3f0
0x000000bfe06fedd0:   000000bfe06fedd0 0000028da2416eb2
0x000000bfe06fede0:   0000000000000003 0000028da2417a50 

Instructions: (pc=0x0000000010014ed4)
0x0000000010014dd4:   8b 04 c1 48 8d 15 12 58 04 00 48 8b 4c 24 20 e8
0x0000000010014de4:   c8 1e 02 00 48 83 c4 38 c3 cc cc cc 48 89 54 24
0x0000000010014df4:   10 48 89 4c 24 08 b8 02 00 01 00 c3 cc cc cc cc
0x0000000010014e04:   cc cc cc cc cc cc cc cc cc cc cc cc 48 89 54 24
0x0000000010014e14:   10 48 89 4c 24 08 c3 cc cc cc cc cc cc cc cc cc
0x0000000010014e24:   cc cc cc cc cc cc cc cc cc cc cc cc 48 89 54 24
0x0000000010014e34:   10 48 89 4c 24 08 48 83 ec 38 48 8b 54 24 48 48
0x0000000010014e44:   8b 4c 24 40 e8 43 00 00 00 48 89 44 24 28 48 83
0x0000000010014e54:   7c 24 28 00 75 04 33 c0 eb 24 48 8b 44 24 28 48
0x0000000010014e64:   8b 40 10 48 89 44 24 20 48 8b 44 24 28 48 8b 4c
0x0000000010014e74:   24 40 48 89 08 48 8b 44 24 28 48 8b 40 10 48 83
0x0000000010014e84:   c4 38 c3 cc cc cc cc cc cc cc cc cc 48 89 54 24
0x0000000010014e94:   10 48 89 4c 24 08 48 83 ec 38 48 8b 54 24 48 48
0x0000000010014ea4:   8b 4c 24 40 e8 73 02 00 00 48 89 44 24 20 48 83
0x0000000010014eb4:   7c 24 20 00 75 15 48 8d 15 df 58 04 00 48 8b 4c
0x0000000010014ec4:   24 40 e8 45 00 00 00 33 c0 eb 32 48 8b 44 24 20
0x0000000010014ed4:   83 b8 38 01 00 00 00 74 1f 48 8b 44 24 20 44 8b
0x0000000010014ee4:   80 38 01 00 00 48 8b 54 24 20 48 8b 4c 24 40 e8
0x0000000010014ef4:   68 00 00 00 33 c0 eb 05 48 8b 44 24 20 48 83 c4
0x0000000010014f04:   38 c3 cc cc cc cc cc cc cc cc cc cc 48 89 54 24
0x0000000010014f14:   10 48 89 4c 24 08 48 83 ec 38 48 8b 44 24 40 48
0x0000000010014f24:   8b 00 48 8d 15 d3 56 04 00 48 8b 4c 24 40 ff 50
0x0000000010014f34:   30 48 89 44 24 20 48 8b 44 24 40 48 8b 00 4c 8b
0x0000000010014f44:   44 24 48 48 8b 54 24 20 48 8b 4c 24 40 ff 50 70
0x0000000010014f54:   48 83 c4 38 c3 cc cc cc cc cc cc cc 44 89 44 24
0x0000000010014f64:   18 48 89 54 24 10 48 89 4c 24 08 48 83 ec 58 8b
0x0000000010014f74:   44 24 70 89 44 24 28 81 7c 24 28 40 9c 00 00 7e
0x0000000010014f84:   0d 8b 44 24 28 2d 40 9c 00 00 89 44 24 28 8b 44
0x0000000010014f94:   24 28 89 44 24 40 83 7c 24 40 02 74 16 83 7c 24
0x0000000010014fa4:   40 05 74 30 81 7c 24 40 21 4e 00 00 74 47 e9 00
0x0000000010014fb4:   01 00 00 48 8b 44 24 60 48 8b 00 48 8d 15 c2 56
0x0000000010014fc4:   04 00 48 8b 4c 24 60 ff 50 30 48 89 44 24 20 e9 


Stack slot to memory mapping:

stack at sp + 0 slots: 0x0000028da60ee990 points into unknown readable memory: 0x00007ffc66a167e0 | e0 67 a1 66 fc 7f 00 00
stack at sp + 1 slots: 0x000000bfe06fedc0 is pointing into the stack for thread: 0x0000028da60ee5d0
stack at sp + 2 slots: 0x0000028da60ee5d0 is a thread
stack at sp + 3 slots: 0x0 is null
stack at sp + 4 slots: 0x0000000060f20c50 is an unknown value
stack at sp + 5 slots: 0x0000028da2417d18 is pointing into metadata
stack at sp + 6 slots: 0x0000028d52dc893e is at code_begin+1406 in an Interpreter codelet
return entry points  [0x0000028d52dc83c0, 0x0000028d52dc8f60]  2976 bytes
stack at sp + 7 slots: 0x0000000010018291 sigar-amd64-winnt.dll


---------------  P R O C E S S  ---------------

Threads class SMR info:
_java_thread_list=0x0000028da612d150, length=16, elements={
0x0000028d40fc2c70, 0x0000028d60c50f80, 0x0000028d60c524b0, 0x0000028d60c579d0,
0x0000028d60c58c50, 0x0000028d60c59930, 0x0000028d60c623a0, 0x0000028d60c8c290,
0x0000028d60c8cd30, 0x0000028da60e96a0, 0x0000028da60eaf10, 0x0000028da60ee5d0,
0x0000028da6151cd0, 0x0000028da61530d0, 0x0000028da6153740, 0x0000028da61561d0
}

Java Threads: ( => current thread )
  0x0000028d40fc2c70 JavaThread "main"                              [_thread_blocked, id=6788, stack(0x000000bfdf400000,0x000000bfdf500000) (1024K)]
  0x0000028d60c50f80 JavaThread "Reference Handler"          daemon [_thread_blocked, id=20292, stack(0x000000bfdfc00000,0x000000bfdfd00000) (1024K)]
  0x0000028d60c524b0 JavaThread "Finalizer"                  daemon [_thread_blocked, id=21480, stack(0x000000bfdfd00000,0x000000bfdfe00000) (1024K)]
  0x0000028d60c579d0 JavaThread "Signal Dispatcher"          daemon [_thread_blocked, id=18104, stack(0x000000bfdfe00000,0x000000bfdff00000) (1024K)]
  0x0000028d60c58c50 JavaThread "Attach Listener"            daemon [_thread_blocked, id=21484, stack(0x000000bfdff00000,0x000000bfe0000000) (1024K)]
  0x0000028d60c59930 JavaThread "Service Thread"             daemon [_thread_blocked, id=21192, stack(0x000000bfe0000000,0x000000bfe0100000) (1024K)]
  0x0000028d60c623a0 JavaThread "Monitor Deflation Thread"   daemon [_thread_blocked, id=13760, stack(0x000000bfe0100000,0x000000bfe0200000) (1024K)]
  0x0000028d60c8c290 JavaThread "C2 CompilerThread0"         daemon [_thread_blocked, id=16976, stack(0x000000bfe0200000,0x000000bfe0300000) (1024K)]
  0x0000028d60c8cd30 JavaThread "C1 CompilerThread0"         daemon [_thread_blocked, id=12044, stack(0x000000bfe0300000,0x000000bfe0400000) (1024K)]
  0x0000028da60e96a0 JavaThread "Notification Thread"        daemon [_thread_blocked, id=20736, stack(0x000000bfe0400000,0x000000bfe0500000) (1024K)]
  0x0000028da60eaf10 JavaThread "Common-Cleaner"             daemon [_thread_blocked, id=18692, stack(0x000000bfe0500000,0x000000bfe0600000) (1024K)]
=>0x0000028da60ee5d0 JavaThread "Timer-0"                           [_thread_in_native, id=11712, stack(0x000000bfe0600000,0x000000bfe0700000) (1024K)]
  0x0000028da6151cd0 JavaThread "pool-1-thread-1"                   [_thread_in_Java, id=20992, stack(0x000000bfe0700000,0x000000bfe0800000) (1024K)]
  0x0000028da61530d0 JavaThread "pool-1-thread-2"                   [_thread_in_Java, id=16680, stack(0x000000bfe0800000,0x000000bfe0900000) (1024K)]
  0x0000028da6153740 JavaThread "pool-1-thread-3"                   [_thread_in_Java, id=9904, stack(0x000000bfe0900000,0x000000bfe0a00000) (1024K)]
  0x0000028da61561d0 JavaThread "pool-1-thread-4"                   [_thread_in_Java, id=5036, stack(0x000000bfe0a00000,0x000000bfe0b00000) (1024K)]
Total: 16

Other Threads:
  0x0000028d60c31520 VMThread "VM Thread"                           [id=8316, stack(0x000000bfdfb00000,0x000000bfdfc00000) (1024K)]
  0x0000028d60c219a0 WatcherThread "VM Periodic Task Thread"        [id=20452, stack(0x000000bfdfa00000,0x000000bfdfb00000) (1024K)]
  0x0000028d4312eba0 WorkerThread "GC Thread#0"                     [id=20652, stack(0x000000bfdf500000,0x000000bfdf600000) (1024K)]
  0x0000028d4313aa10 ConcurrentGCThread "G1 Main Marker"            [id=10964, stack(0x000000bfdf600000,0x000000bfdf700000) (1024K)]
  0x0000028d4313bee0 WorkerThread "G1 Conc#0"                       [id=9876, stack(0x000000bfdf700000,0x000000bfdf800000) (1024K)]
  0x0000028d431ae350 ConcurrentGCThread "G1 Refine#0"               [id=1272, stack(0x000000bfdf800000,0x000000bfdf900000) (1024K)]
  0x0000028d60af50c0 ConcurrentGCThread "G1 Service"                [id=19652, stack(0x000000bfdf900000,0x000000bfdfa00000) (1024K)]
Total: 7

Threads with active compile tasks:
Total: 0

VM state: not at safepoint (normal execution)

VM Mutex/Monitor currently owned by a thread: None

Heap address: 0x0000000751800000, size: 2792 MB, Compressed Oops mode: Zero based, Oop shift amount: 3

CDS archive(s) mapped at: [0x0000028d61000000-0x0000028d61cd0000-0x0000028d61cd0000), size 13434880, SharedBaseAddress: 0x0000028d61000000, ArchiveRelocationMode: 1.
Compressed class space mapped at: 0x0000028d62000000-0x0000028da2000000, reserved size: 1073741824
Narrow klass base: 0x0000028d61000000, Narrow klass shift: 0, Narrow klass range: 0x100000000

GC Precious Log:
 CardTable entry size: 512
 Card Set container configuration: InlinePtr #cards 4 size 8 Array Of Cards #cards 16 size 48 Howl #buckets 8 coarsen threshold 3686 Howl Bitmap #cards 512 size 80 coarsen threshold 460 Card regions per heap region 1 cards per card region 4096
 CPUs: 8 total, 8 available
 Memory: 11164M
 Large Page Support: Disabled
 NUMA Support: Disabled
 Compressed Oops: Enabled (Zero based)
 Heap Region Size: 2M
 Heap Min Capacity: 8M
 Heap Initial Capacity: 176M
 Heap Max Capacity: 2792M
 Pre-touch: Disabled
 Parallel Workers: 8
 Concurrent Workers: 2
 Concurrent Refinement Workers: 8
 Periodic GC: Disabled

Heap:
 garbage-first heap   total 180224K, used 2048K [0x0000000751800000, 0x0000000800000000)
  region size 2048K, 2 young (4096K), 0 survivors (0K)
 Metaspace       used 512K, committed 640K, reserved 1114112K
  class space    used 38K, committed 128K, reserved 1048576K

Heap Regions: E=young(eden), S=young(survivor), O=old, HS=humongous(starts), HC=humongous(continues), CS=collection set, F=free, TAMS=top-at-mark-start, PB=parsable bottom
|   0|0x0000000751800000, 0x0000000751800000, 0x0000000751a00000|  0%| F|  |TAMS 0x0000000751800000| PB 0x0000000751800000| Untracked 
|   1|0x0000000751a00000, 0x0000000751a00000, 0x0000000751c00000|  0%| F|  |TAMS 0x0000000751a00000| PB 0x0000000751a00000| Untracked 
|   2|0x0000000751c00000, 0x0000000751c00000, 0x0000000751e00000|  0%| F|  |TAMS 0x0000000751c00000| PB 0x0000000751c00000| Untracked 
|   3|0x0000000751e00000, 0x0000000751e00000, 0x0000000752000000|  0%| F|  |TAMS 0x0000000751e00000| PB 0x0000000751e00000| Untracked 
|   4|0x0000000752000000, 0x0000000752000000, 0x0000000752200000|  0%| F|  |TAMS 0x0000000752000000| PB 0x0000000752000000| Untracked 
|   5|0x0000000752200000, 0x0000000752200000, 0x0000000752400000|  0%| F|  |TAMS 0x0000000752200000| PB 0x0000000752200000| Untracked 
|   6|0x0000000752400000, 0x0000000752400000, 0x0000000752600000|  0%| F|  |TAMS 0x0000000752400000| PB 0x0000000752400000| Untracked 
|   7|0x0000000752600000, 0x0000000752600000, 0x0000000752800000|  0%| F|  |TAMS 0x0000000752600000| PB 0x0000000752600000| Untracked 
|   8|0x0000000752800000, 0x0000000752800000, 0x0000000752a00000|  0%| F|  |TAMS 0x0000000752800000| PB 0x0000000752800000| Untracked 
|   9|0x0000000752a00000, 0x0000000752a00000, 0x0000000752c00000|  0%| F|  |TAMS 0x0000000752a00000| PB 0x0000000752a00000| Untracked 
|  10|0x0000000752c00000, 0x0000000752c00000, 0x0000000752e00000|  0%| F|  |TAMS 0x0000000752c00000| PB 0x0000000752c00000| Untracked 
|  11|0x0000000752e00000, 0x0000000752e00000, 0x0000000753000000|  0%| F|  |TAMS 0x0000000752e00000| PB 0x0000000752e00000| Untracked 
|  12|0x0000000753000000, 0x0000000753000000, 0x0000000753200000|  0%| F|  |TAMS 0x0000000753000000| PB 0x0000000753000000| Untracked 
|  13|0x0000000753200000, 0x0000000753200000, 0x0000000753400000|  0%| F|  |TAMS 0x0000000753200000| PB 0x0000000753200000| Untracked 
|  14|0x0000000753400000, 0x0000000753400000, 0x0000000753600000|  0%| F|  |TAMS 0x0000000753400000| PB 0x0000000753400000| Untracked 
|  15|0x0000000753600000, 0x0000000753600000, 0x0000000753800000|  0%| F|  |TAMS 0x0000000753600000| PB 0x0000000753600000| Untracked 
|  16|0x0000000753800000, 0x0000000753800000, 0x0000000753a00000|  0%| F|  |TAMS 0x0000000753800000| PB 0x0000000753800000| Untracked 
|  17|0x0000000753a00000, 0x0000000753a00000, 0x0000000753c00000|  0%| F|  |TAMS 0x0000000753a00000| PB 0x0000000753a00000| Untracked 
|  18|0x0000000753c00000, 0x0000000753c00000, 0x0000000753e00000|  0%| F|  |TAMS 0x0000000753c00000| PB 0x0000000753c00000| Untracked 
|  19|0x0000000753e00000, 0x0000000753e00000, 0x0000000754000000|  0%| F|  |TAMS 0x0000000753e00000| PB 0x0000000753e00000| Untracked 
|  20|0x0000000754000000, 0x0000000754000000, 0x0000000754200000|  0%| F|  |TAMS 0x0000000754000000| PB 0x0000000754000000| Untracked 
|  21|0x0000000754200000, 0x0000000754200000, 0x0000000754400000|  0%| F|  |TAMS 0x0000000754200000| PB 0x0000000754200000| Untracked 
|  22|0x0000000754400000, 0x0000000754400000, 0x0000000754600000|  0%| F|  |TAMS 0x0000000754400000| PB 0x0000000754400000| Untracked 
|  23|0x0000000754600000, 0x0000000754600000, 0x0000000754800000|  0%| F|  |TAMS 0x0000000754600000| PB 0x0000000754600000| Untracked 
|  24|0x0000000754800000, 0x0000000754800000, 0x0000000754a00000|  0%| F|  |TAMS 0x0000000754800000| PB 0x0000000754800000| Untracked 
|  25|0x0000000754a00000, 0x0000000754a00000, 0x0000000754c00000|  0%| F|  |TAMS 0x0000000754a00000| PB 0x0000000754a00000| Untracked 
|  26|0x0000000754c00000, 0x0000000754c00000, 0x0000000754e00000|  0%| F|  |TAMS 0x0000000754c00000| PB 0x0000000754c00000| Untracked 
|  27|0x0000000754e00000, 0x0000000754e00000, 0x0000000755000000|  0%| F|  |TAMS 0x0000000754e00000| PB 0x0000000754e00000| Untracked 
|  28|0x0000000755000000, 0x0000000755000000, 0x0000000755200000|  0%| F|  |TAMS 0x0000000755000000| PB 0x0000000755000000| Untracked 
|  29|0x0000000755200000, 0x0000000755200000, 0x0000000755400000|  0%| F|  |TAMS 0x0000000755200000| PB 0x0000000755200000| Untracked 
|  30|0x0000000755400000, 0x0000000755400000, 0x0000000755600000|  0%| F|  |TAMS 0x0000000755400000| PB 0x0000000755400000| Untracked 
|  31|0x0000000755600000, 0x0000000755600000, 0x0000000755800000|  0%| F|  |TAMS 0x0000000755600000| PB 0x0000000755600000| Untracked 
|  32|0x0000000755800000, 0x0000000755800000, 0x0000000755a00000|  0%| F|  |TAMS 0x0000000755800000| PB 0x0000000755800000| Untracked 
|  33|0x0000000755a00000, 0x0000000755a00000, 0x0000000755c00000|  0%| F|  |TAMS 0x0000000755a00000| PB 0x0000000755a00000| Untracked 
|  34|0x0000000755c00000, 0x0000000755c00000, 0x0000000755e00000|  0%| F|  |TAMS 0x0000000755c00000| PB 0x0000000755c00000| Untracked 
|  35|0x0000000755e00000, 0x0000000755e00000, 0x0000000756000000|  0%| F|  |TAMS 0x0000000755e00000| PB 0x0000000755e00000| Untracked 
|  36|0x0000000756000000, 0x0000000756000000, 0x0000000756200000|  0%| F|  |TAMS 0x0000000756000000| PB 0x0000000756000000| Untracked 
|  37|0x0000000756200000, 0x0000000756200000, 0x0000000756400000|  0%| F|  |TAMS 0x0000000756200000| PB 0x0000000756200000| Untracked 
|  38|0x0000000756400000, 0x0000000756400000, 0x0000000756600000|  0%| F|  |TAMS 0x0000000756400000| PB 0x0000000756400000| Untracked 
|  39|0x0000000756600000, 0x0000000756600000, 0x0000000756800000|  0%| F|  |TAMS 0x0000000756600000| PB 0x0000000756600000| Untracked 
|  40|0x0000000756800000, 0x0000000756800000, 0x0000000756a00000|  0%| F|  |TAMS 0x0000000756800000| PB 0x0000000756800000| Untracked 
|  41|0x0000000756a00000, 0x0000000756a00000, 0x0000000756c00000|  0%| F|  |TAMS 0x0000000756a00000| PB 0x0000000756a00000| Untracked 
|  42|0x0000000756c00000, 0x0000000756c00000, 0x0000000756e00000|  0%| F|  |TAMS 0x0000000756c00000| PB 0x0000000756c00000| Untracked 
|  43|0x0000000756e00000, 0x0000000756e00000, 0x0000000757000000|  0%| F|  |TAMS 0x0000000756e00000| PB 0x0000000756e00000| Untracked 
|  44|0x0000000757000000, 0x0000000757000000, 0x0000000757200000|  0%| F|  |TAMS 0x0000000757000000| PB 0x0000000757000000| Untracked 
|  45|0x0000000757200000, 0x0000000757200000, 0x0000000757400000|  0%| F|  |TAMS 0x0000000757200000| PB 0x0000000757200000| Untracked 
|  46|0x0000000757400000, 0x0000000757400000, 0x0000000757600000|  0%| F|  |TAMS 0x0000000757400000| PB 0x0000000757400000| Untracked 
|  47|0x0000000757600000, 0x0000000757600000, 0x0000000757800000|  0%| F|  |TAMS 0x0000000757600000| PB 0x0000000757600000| Untracked 
|  48|0x0000000757800000, 0x0000000757800000, 0x0000000757a00000|  0%| F|  |TAMS 0x0000000757800000| PB 0x0000000757800000| Untracked 
|  49|0x0000000757a00000, 0x0000000757a00000, 0x0000000757c00000|  0%| F|  |TAMS 0x0000000757a00000| PB 0x0000000757a00000| Untracked 
|  50|0x0000000757c00000, 0x0000000757c00000, 0x0000000757e00000|  0%| F|  |TAMS 0x0000000757c00000| PB 0x0000000757c00000| Untracked 
|  51|0x0000000757e00000, 0x0000000757e00000, 0x0000000758000000|  0%| F|  |TAMS 0x0000000757e00000| PB 0x0000000757e00000| Untracked 
|  52|0x0000000758000000, 0x0000000758000000, 0x0000000758200000|  0%| F|  |TAMS 0x0000000758000000| PB 0x0000000758000000| Untracked 
|  53|0x0000000758200000, 0x0000000758200000, 0x0000000758400000|  0%| F|  |TAMS 0x0000000758200000| PB 0x0000000758200000| Untracked 
|  54|0x0000000758400000, 0x0000000758400000, 0x0000000758600000|  0%| F|  |TAMS 0x0000000758400000| PB 0x0000000758400000| Untracked 
|  55|0x0000000758600000, 0x0000000758600000, 0x0000000758800000|  0%| F|  |TAMS 0x0000000758600000| PB 0x0000000758600000| Untracked 
|  56|0x0000000758800000, 0x0000000758800000, 0x0000000758a00000|  0%| F|  |TAMS 0x0000000758800000| PB 0x0000000758800000| Untracked 
|  57|0x0000000758a00000, 0x0000000758a00000, 0x0000000758c00000|  0%| F|  |TAMS 0x0000000758a00000| PB 0x0000000758a00000| Untracked 
|  58|0x0000000758c00000, 0x0000000758c00000, 0x0000000758e00000|  0%| F|  |TAMS 0x0000000758c00000| PB 0x0000000758c00000| Untracked 
|  59|0x0000000758e00000, 0x0000000758e00000, 0x0000000759000000|  0%| F|  |TAMS 0x0000000758e00000| PB 0x0000000758e00000| Untracked 
|  60|0x0000000759000000, 0x0000000759000000, 0x0000000759200000|  0%| F|  |TAMS 0x0000000759000000| PB 0x0000000759000000| Untracked 
|  61|0x0000000759200000, 0x0000000759200000, 0x0000000759400000|  0%| F|  |TAMS 0x0000000759200000| PB 0x0000000759200000| Untracked 
|  62|0x0000000759400000, 0x0000000759400000, 0x0000000759600000|  0%| F|  |TAMS 0x0000000759400000| PB 0x0000000759400000| Untracked 
|  63|0x0000000759600000, 0x0000000759600000, 0x0000000759800000|  0%| F|  |TAMS 0x0000000759600000| PB 0x0000000759600000| Untracked 
|  64|0x0000000759800000, 0x0000000759800000, 0x0000000759a00000|  0%| F|  |TAMS 0x0000000759800000| PB 0x0000000759800000| Untracked 
|  65|0x0000000759a00000, 0x0000000759a00000, 0x0000000759c00000|  0%| F|  |TAMS 0x0000000759a00000| PB 0x0000000759a00000| Untracked 
|  66|0x0000000759c00000, 0x0000000759c00000, 0x0000000759e00000|  0%| F|  |TAMS 0x0000000759c00000| PB 0x0000000759c00000| Untracked 
|  67|0x0000000759e00000, 0x0000000759e00000, 0x000000075a000000|  0%| F|  |TAMS 0x0000000759e00000| PB 0x0000000759e00000| Untracked 
|  68|0x000000075a000000, 0x000000075a000000, 0x000000075a200000|  0%| F|  |TAMS 0x000000075a000000| PB 0x000000075a000000| Untracked 
|  69|0x000000075a200000, 0x000000075a200000, 0x000000075a400000|  0%| F|  |TAMS 0x000000075a200000| PB 0x000000075a200000| Untracked 
|  70|0x000000075a400000, 0x000000075a400000, 0x000000075a600000|  0%| F|  |TAMS 0x000000075a400000| PB 0x000000075a400000| Untracked 
|  71|0x000000075a600000, 0x000000075a600000, 0x000000075a800000|  0%| F|  |TAMS 0x000000075a600000| PB 0x000000075a600000| Untracked 
|  72|0x000000075a800000, 0x000000075a800000, 0x000000075aa00000|  0%| F|  |TAMS 0x000000075a800000| PB 0x000000075a800000| Untracked 
|  73|0x000000075aa00000, 0x000000075aa00000, 0x000000075ac00000|  0%| F|  |TAMS 0x000000075aa00000| PB 0x000000075aa00000| Untracked 
|  74|0x000000075ac00000, 0x000000075ac00000, 0x000000075ae00000|  0%| F|  |TAMS 0x000000075ac00000| PB 0x000000075ac00000| Untracked 
|  75|0x000000075ae00000, 0x000000075ae00000, 0x000000075b000000|  0%| F|  |TAMS 0x000000075ae00000| PB 0x000000075ae00000| Untracked 
|  76|0x000000075b000000, 0x000000075b000000, 0x000000075b200000|  0%| F|  |TAMS 0x000000075b000000| PB 0x000000075b000000| Untracked 
|  77|0x000000075b200000, 0x000000075b200000, 0x000000075b400000|  0%| F|  |TAMS 0x000000075b200000| PB 0x000000075b200000| Untracked 
|  78|0x000000075b400000, 0x000000075b400000, 0x000000075b600000|  0%| F|  |TAMS 0x000000075b400000| PB 0x000000075b400000| Untracked 
|  79|0x000000075b600000, 0x000000075b600000, 0x000000075b800000|  0%| F|  |TAMS 0x000000075b600000| PB 0x000000075b600000| Untracked 
|  80|0x000000075b800000, 0x000000075b800000, 0x000000075ba00000|  0%| F|  |TAMS 0x000000075b800000| PB 0x000000075b800000| Untracked 
|  81|0x000000075ba00000, 0x000000075ba00000, 0x000000075bc00000|  0%| F|  |TAMS 0x000000075ba00000| PB 0x000000075ba00000| Untracked 
|  82|0x000000075bc00000, 0x000000075bc00000, 0x000000075be00000|  0%| F|  |TAMS 0x000000075bc00000| PB 0x000000075bc00000| Untracked 
|  83|0x000000075be00000, 0x000000075be00000, 0x000000075c000000|  0%| F|  |TAMS 0x000000075be00000| PB 0x000000075be00000| Untracked 
|  84|0x000000075c000000, 0x000000075c000000, 0x000000075c200000|  0%| F|  |TAMS 0x000000075c000000| PB 0x000000075c000000| Untracked 
|  85|0x000000075c200000, 0x000000075c200000, 0x000000075c400000|  0%| F|  |TAMS 0x000000075c200000| PB 0x000000075c200000| Untracked 
|  86|0x000000075c400000, 0x000000075c558268, 0x000000075c600000| 67%| E|  |TAMS 0x000000075c400000| PB 0x000000075c400000| Complete 
|  87|0x000000075c600000, 0x000000075c800000, 0x000000075c800000|100%| E|CS|TAMS 0x000000075c600000| PB 0x000000075c600000| Complete 

Card table byte_map: [0x0000028d5b140000,0x0000028d5b6c0000] _byte_map_base: 0x0000028d576b4000

Marking Bits: (CMBitMap*) 0x0000028d4312f2b0
 Bits: [0x0000028d5b6c0000, 0x0000028d5e260000)

Polling page: 0x0000028d410b0000

Metaspace:

Usage:
  Non-class:    473.88 KB used.
      Class:     38.95 KB used.
       Both:    512.83 KB used.

Virtual space:
  Non-class space:       64.00 MB reserved,     512.00 KB ( <1%) committed,  1 nodes.
      Class space:        1.00 GB reserved,     128.00 KB ( <1%) committed,  1 nodes.
             Both:        1.06 GB reserved,     640.00 KB ( <1%) committed. 

Chunk freelists:
   Non-Class:  11.89 MB
       Class:  15.73 MB
        Both:  27.62 MB

MaxMetaspaceSize: unlimited
CompressedClassSpaceSize: 1.00 GB
Initial GC threshold: 21.00 MB
Current GC threshold: 21.00 MB
CDS: on
 - commit_granule_bytes: 65536.
 - commit_granule_words: 8192.
 - virtual_space_node_default_size: 8388608.
 - enlarge_chunks_in_place: 1.
 - use_allocation_guard: 0.


Internal statistics:

num_allocs_failed_limit: 0.
num_arena_births: 4.
num_arena_deaths: 0.
num_vsnodes_births: 2.
num_vsnodes_deaths: 0.
num_space_committed: 10.
num_space_uncommitted: 0.
num_chunks_returned_to_freelist: 0.
num_chunks_taken_from_freelist: 13.
num_chunk_merges: 0.
num_chunk_splits: 8.
num_chunks_enlarged: 6.
num_inconsistent_stats: 0.

CodeHeap 'non-profiled nmethods': size=120000Kb used=41Kb max_used=41Kb free=119958Kb
 bounds [0x0000028d53360000, 0x0000028d535d0000, 0x0000028d5a890000]
CodeHeap 'profiled nmethods': size=120000Kb used=176Kb max_used=176Kb free=119823Kb
 bounds [0x0000028d4b890000, 0x0000028d4bb00000, 0x0000028d52dc0000]
CodeHeap 'non-nmethods': size=5760Kb used=1270Kb max_used=1285Kb free=4489Kb
 bounds [0x0000028d52dc0000, 0x0000028d53030000, 0x0000028d53360000]
 total_blobs=537 nmethods=148 adapters=294
 compilation: enabled
              stopped_count=0, restarted_count=0
 full_count=0

Compilation events (20 events):
Event: 1.987 Thread 0x0000028d60c8cd30  138       3       java.io.WinNTFileSystem::isSlash (18 bytes)
Event: 1.987 Thread 0x0000028d60c8cd30 nmethod 138 0x0000028d4b8b9b90 code [0x0000028d4b8b9d40, 0x0000028d4b8b9ed0]
Event: 1.988 Thread 0x0000028d60c8c290 nmethod 136 0x0000028d53369510 code [0x0000028d53369680, 0x0000028d533696f8]
Event: 2.278 Thread 0x0000028d60c8cd30  139       3       jdk.internal.util.Preconditions::checkFromToIndex (24 bytes)
Event: 2.279 Thread 0x0000028d60c8cd30 nmethod 139 0x0000028d4b8b9f90 code [0x0000028d4b8ba140, 0x0000028d4b8ba308]
Event: 2.294 Thread 0x0000028d60c8cd30  140       3       jdk.internal.misc.Unsafe::toUnsignedLong (7 bytes)
Event: 2.294 Thread 0x0000028d60c8cd30 nmethod 140 0x0000028d4b8ba410 code [0x0000028d4b8ba5a0, 0x0000028d4b8ba6a0]
Event: 2.294 Thread 0x0000028d60c8cd30  141       3       jdk.internal.misc.Unsafe::putReferenceRelease (9 bytes)
Event: 2.295 Thread 0x0000028d60c8cd30 nmethod 141 0x0000028d4b8ba710 code [0x0000028d4b8ba8a0, 0x0000028d4b8baa08]
Event: 2.295 Thread 0x0000028d60c8cd30  142       3       java.util.concurrent.ConcurrentHashMap::setTabAt (20 bytes)
Event: 2.295 Thread 0x0000028d60c8cd30 nmethod 142 0x0000028d4b8baa90 code [0x0000028d4b8bac40, 0x0000028d4b8bae58]
Event: 2.309 Thread 0x0000028d60c8cd30  144       1       BenchmarkNumerosPrimos::access$000 (5 bytes)
Event: 2.309 Thread 0x0000028d60c8cd30 nmethod 144 0x0000028d53369c10 code [0x0000028d53369da0, 0x0000028d53369e50]
Event: 2.309 Thread 0x0000028d60c8cd30  145       1       BenchmarkNumerosPrimos::access$100 (5 bytes)
Event: 2.309 Thread 0x0000028d60c8cd30 nmethod 145 0x0000028d53369f10 code [0x0000028d5336a0a0, 0x0000028d5336a150]
Event: 2.312 Thread 0x0000028d60c8cd30  146 %     3       BenchmarkNumerosPrimos$NumerosPrimosThread::run @ 25 (98 bytes)
Event: 2.313 Thread 0x0000028d60c8cd30 nmethod 146% 0x0000028d4b8baf10 code [0x0000028d4b8bb100, 0x0000028d4b8bb640]
Event: 2.313 Thread 0x0000028d60c8cd30  147       3       BenchmarkNumerosPrimos$NumerosPrimosThread::run (98 bytes)
Event: 2.313 Thread 0x0000028d60c8cd30 nmethod 147 0x0000028d4b8bb890 code [0x0000028d4b8bba60, 0x0000028d4b8bbea8]
Event: 2.315 Thread 0x0000028d60c8c290  148 %     4       BenchmarkNumerosPrimos$NumerosPrimosThread::run @ 25 (98 bytes)

GC Heap History (0 events):
No events

Dll operation events (8 events):
Event: 0.011 Loaded shared library C:\Program Files\Java\zulu21.38.21-ca-jdk21.0.5-win_x64\bin\java.dll
Event: 0.057 Loaded shared library C:\Program Files\Java\zulu21.38.21-ca-jdk21.0.5-win_x64\bin\jsvml.dll
Event: 1.396 Loaded shared library C:\Program Files\Java\zulu21.38.21-ca-jdk21.0.5-win_x64\bin\net.dll
Event: 1.471 Loaded shared library C:\Program Files\Java\zulu21.38.21-ca-jdk21.0.5-win_x64\bin\nio.dll
Event: 1.622 Loaded shared library C:\Program Files\Java\zulu21.38.21-ca-jdk21.0.5-win_x64\bin\zip.dll
Event: 1.783 Loaded shared library C:\Program Files\Java\zulu21.38.21-ca-jdk21.0.5-win_x64\bin\verify.dll
Event: 1.948 Loaded shared library C:\Program Files\Java\zulu21.38.21-ca-jdk21.0.5-win_x64\bin\jimage.dll
Event: 2.146 Loaded shared library C:\Users\bruns\Downloads\ADS-Lab1\lib\sigar-amd64-winnt.dll

Deoptimization events (0 events):
No events

Classes loaded (20 events):
Event: 1.569 Loading class com/azul/tooling/Handler$1
Event: 1.569 Loading class com/azul/tooling/Handler$1 done
Event: 1.800 Loading class java/lang/NumberFormatException
Event: 1.830 Loading class java/lang/NumberFormatException done
Event: 1.832 Loading class java/io/Reader
Event: 1.851 Loading class java/io/Reader done
Event: 1.851 Loading class java/io/InputStreamReader
Event: 1.905 Loading class java/io/InputStreamReader done
Event: 1.905 Loading class java/lang/UnsatisfiedLinkError
Event: 1.938 Loading class java/lang/UnsatisfiedLinkError done
Event: 1.987 Loading class java/net/URLDecoder
Event: 2.007 Loading class java/net/URLDecoder done
Event: 2.188 Loading class java/util/StringTokenizer
Event: 2.189 Loading class java/util/StringTokenizer done
Event: 2.250 Loading class java/io/FileWriter
Event: 2.250 Loading class java/io/FileWriter done
Event: 2.251 Loading class sun/nio/cs/UTF_8$Encoder
Event: 2.278 Loading class sun/nio/cs/UTF_8$Encoder done
Event: 2.308 Loading class java/util/concurrent/ThreadPoolExecutor$Worker
Event: 2.308 Loading class java/util/concurrent/ThreadPoolExecutor$Worker done

Classes unloaded (0 events):
No events

Classes redefined (0 events):
No events

Internal exceptions (0 events):
No events

ZGC Phase Switch (0 events):
No events

VM Operations (6 events):
Event: 1.046 Executing VM operation: Cleanup
Event: 1.168 Executing VM operation: Cleanup done
Event: 1.678 Executing VM operation: HandshakeAllThreads (Deoptimize)
Event: 1.678 Executing VM operation: HandshakeAllThreads (Deoptimize) done
Event: 1.728 Executing VM operation: HandshakeAllThreads (Deoptimize)
Event: 1.728 Executing VM operation: HandshakeAllThreads (Deoptimize) done

Memory protections (0 events):
No events

Nmethod flushes (0 events):
No events

Events (16 events):
Event: 0.032 Thread 0x0000028d40fc2c70 Thread added: 0x0000028d40fc2c70
Event: 0.053 Thread 0x0000028d40fc2c70 Thread added: 0x0000028d60c50f80
Event: 0.054 Thread 0x0000028d40fc2c70 Thread added: 0x0000028d60c524b0
Event: 0.054 Thread 0x0000028d40fc2c70 Thread added: 0x0000028d60c579d0
Event: 0.054 Thread 0x0000028d40fc2c70 Thread added: 0x0000028d60c58c50
Event: 0.054 Thread 0x0000028d40fc2c70 Thread added: 0x0000028d60c59930
Event: 0.054 Thread 0x0000028d40fc2c70 Thread added: 0x0000028d60c623a0
Event: 0.054 Thread 0x0000028d40fc2c70 Thread added: 0x0000028d60c8c290
Event: 0.055 Thread 0x0000028d40fc2c70 Thread added: 0x0000028d60c8cd30
Event: 0.178 Thread 0x0000028d40fc2c70 Thread added: 0x0000028da60e96a0
Event: 0.231 Thread 0x0000028d40fc2c70 Thread added: 0x0000028da60eaf10
Event: 0.816 Thread 0x0000028d40fc2c70 Thread added: 0x0000028da60ee5d0
Event: 2.308 Thread 0x0000028d40fc2c70 Thread added: 0x0000028da6151cd0
Event: 2.309 Thread 0x0000028d40fc2c70 Thread added: 0x0000028da61530d0
Event: 2.309 Thread 0x0000028d40fc2c70 Thread added: 0x0000028da6153740
Event: 2.309 Thread 0x0000028d40fc2c70 Thread added: 0x0000028da61561d0


Dynamic libraries:
0x00007ff623360000 - 0x00007ff62336e000 	C:\Program Files\Java\zulu21.38.21-ca-jdk21.0.5-win_x64\bin\java.exe
0x00007ffcd2df0000 - 0x00007ffcd2fe8000 	C:\WINDOWS\SYSTEM32\ntdll.dll
0x00007ffcd1490000 - 0x00007ffcd1552000 	C:\WINDOWS\System32\KERNEL32.DLL
0x00007ffcd06d0000 - 0x00007ffcd09ce000 	C:\WINDOWS\System32\KERNELBASE.dll
0x00007ffcd0c20000 - 0x00007ffcd0d20000 	C:\WINDOWS\System32\ucrtbase.dll
0x00007ffcc7e40000 - 0x00007ffcc7e59000 	C:\Program Files\Java\zulu21.38.21-ca-jdk21.0.5-win_x64\bin\jli.dll
0x00007ffca37e0000 - 0x00007ffca37fb000 	C:\Program Files\Java\zulu21.38.21-ca-jdk21.0.5-win_x64\bin\VCRUNTIME140.dll
0x00007ffcd2c10000 - 0x00007ffcd2dad000 	C:\WINDOWS\System32\USER32.dll
0x00007ffcc01e0000 - 0x00007ffcc047a000 	C:\WINDOWS\WinSxS\amd64_microsoft.windows.common-controls_6595b64144ccf1df_6.0.19041.4355_none_60b8b9eb71f62e16\COMCTL32.dll
0x00007ffcd05f0000 - 0x00007ffcd0612000 	C:\WINDOWS\System32\win32u.dll
0x00007ffcd2630000 - 0x00007ffcd26ce000 	C:\WINDOWS\System32\msvcrt.dll
0x00007ffcd1590000 - 0x00007ffcd15bb000 	C:\WINDOWS\System32\GDI32.dll
0x00007ffcd0a60000 - 0x00007ffcd0b77000 	C:\WINDOWS\System32\gdi32full.dll
0x00007ffcd0b80000 - 0x00007ffcd0c1d000 	C:\WINDOWS\System32\msvcp_win.dll
0x00007ffcd1560000 - 0x00007ffcd158f000 	C:\WINDOWS\System32\IMM32.DLL
0x00007ffcccd70000 - 0x00007ffcccd7c000 	C:\Program Files\Java\zulu21.38.21-ca-jdk21.0.5-win_x64\bin\vcruntime140_1.dll
0x00007ffca3750000 - 0x00007ffca37de000 	C:\Program Files\Java\zulu21.38.21-ca-jdk21.0.5-win_x64\bin\msvcp140.dll
0x00007ffc65da0000 - 0x00007ffc66b7d000 	C:\Program Files\Java\zulu21.38.21-ca-jdk21.0.5-win_x64\bin\server\jvm.dll
0x00007ffcd2a50000 - 0x00007ffcd2b01000 	C:\WINDOWS\System32\ADVAPI32.dll
0x00007ffcd29b0000 - 0x00007ffcd2a4f000 	C:\WINDOWS\System32\sechost.dll
0x00007ffcd21a0000 - 0x00007ffcd22c3000 	C:\WINDOWS\System32\RPCRT4.dll
0x00007ffcd0d70000 - 0x00007ffcd0d97000 	C:\WINDOWS\System32\bcrypt.dll
0x00007ffcd2940000 - 0x00007ffcd29ab000 	C:\WINDOWS\System32\WS2_32.dll
0x00007ffcd0330000 - 0x00007ffcd037b000 	C:\WINDOWS\SYSTEM32\POWRPROF.dll
0x00007ffcc12c0000 - 0x00007ffcc12e7000 	C:\WINDOWS\SYSTEM32\WINMM.dll
0x00007ffcc57a0000 - 0x00007ffcc57aa000 	C:\WINDOWS\SYSTEM32\VERSION.dll
0x00007ffcd02d0000 - 0x00007ffcd02e2000 	C:\WINDOWS\SYSTEM32\UMPDC.dll
0x00007ffcce310000 - 0x00007ffcce322000 	C:\WINDOWS\SYSTEM32\kernel.appcore.dll
0x00007ffcc97e0000 - 0x00007ffcc97ea000 	C:\Program Files\Java\zulu21.38.21-ca-jdk21.0.5-win_x64\bin\jimage.dll
0x00007ffcca1c0000 - 0x00007ffcca3a4000 	C:\WINDOWS\SYSTEM32\DBGHELP.DLL
0x00007ffcc8e90000 - 0x00007ffcc8ec4000 	C:\WINDOWS\SYSTEM32\dbgcore.DLL
0x00007ffcd09d0000 - 0x00007ffcd0a52000 	C:\WINDOWS\System32\bcryptPrimitives.dll
0x00007ffca0db0000 - 0x00007ffca0dd2000 	C:\Program Files\Java\zulu21.38.21-ca-jdk21.0.5-win_x64\bin\java.dll
0x00007ffcd1740000 - 0x00007ffcd1ead000 	C:\WINDOWS\System32\SHELL32.dll
0x00007ffcce510000 - 0x00007ffccecb4000 	C:\WINDOWS\SYSTEM32\windows.storage.dll
0x00007ffcd22d0000 - 0x00007ffcd2623000 	C:\WINDOWS\System32\combase.dll
0x00007ffccfdf0000 - 0x00007ffccfe1e000 	C:\WINDOWS\SYSTEM32\Wldp.dll
0x00007ffcd15c0000 - 0x00007ffcd168d000 	C:\WINDOWS\System32\OLEAUT32.dll
0x00007ffcd1eb0000 - 0x00007ffcd1f5d000 	C:\WINDOWS\System32\SHCORE.dll
0x00007ffcd2b20000 - 0x00007ffcd2b75000 	C:\WINDOWS\System32\shlwapi.dll
0x00007ffcd03c0000 - 0x00007ffcd03e4000 	C:\WINDOWS\SYSTEM32\profapi.dll
0x00007ffc7e930000 - 0x00007ffc7ea07000 	C:\Program Files\Java\zulu21.38.21-ca-jdk21.0.5-win_x64\bin\jsvml.dll
0x00007ffca1640000 - 0x00007ffca1652000 	C:\Program Files\Java\zulu21.38.21-ca-jdk21.0.5-win_x64\bin\net.dll
0x00007ffcc94f0000 - 0x00007ffcc95fd000 	C:\WINDOWS\SYSTEM32\WINHTTP.dll
0x00007ffccfb50000 - 0x00007ffccfbba000 	C:\WINDOWS\system32\mswsock.dll
0x00007ffca1440000 - 0x00007ffca1456000 	C:\Program Files\Java\zulu21.38.21-ca-jdk21.0.5-win_x64\bin\nio.dll
0x00007ffca0ee0000 - 0x00007ffca0ef8000 	C:\Program Files\Java\zulu21.38.21-ca-jdk21.0.5-win_x64\bin\zip.dll
0x00007ffcc7e30000 - 0x00007ffcc7e40000 	C:\Program Files\Java\zulu21.38.21-ca-jdk21.0.5-win_x64\bin\verify.dll
0x0000000010000000 - 0x0000000010070000 	C:\Users\bruns\Downloads\ADS-Lab1\lib\sigar-amd64-winnt.dll
0x00007ffcd26d0000 - 0x00007ffcd27fb000 	C:\WINDOWS\System32\ole32.dll
0x00007ffcc4870000 - 0x00007ffcc4889000 	C:\WINDOWS\SYSTEM32\NETAPI32.dll
0x00007ffcc13b0000 - 0x00007ffcc1401000 	C:\WINDOWS\SYSTEM32\pdh.dll
0x00007ffccf870000 - 0x00007ffccf87c000 	C:\WINDOWS\SYSTEM32\NETUTILS.DLL
0x00007ffcc3f00000 - 0x00007ffcc3f28000 	C:\WINDOWS\SYSTEM32\SRVCLI.DLL

dbghelp: loaded successfully - version: 4.0.5 - missing functions: none
symbol engine: initialized successfully - sym options: 0x614 - pdb path: .;C:\Program Files\Java\zulu21.38.21-ca-jdk21.0.5-win_x64\bin;C:\WINDOWS\SYSTEM32;C:\WINDOWS\WinSxS\amd64_microsoft.windows.common-controls_6595b64144ccf1df_6.0.19041.4355_none_60b8b9eb71f62e16;C:\Program Files\Java\zulu21.38.21-ca-jdk21.0.5-win_x64\bin\server;C:\Users\bruns\Downloads\ADS-Lab1\lib

VM Arguments:
java_command: BenchmarkNumerosPrimos 4 110000
java_class_path (initial): bin;lib\log4j.jar;lib\sigar.jar
Launcher Type: SUN_STANDARD

[Global flags]
     intx CICompilerCount                          = 4                                         {product} {ergonomic}
     uint ConcGCThreads                            = 2                                         {product} {ergonomic}
     uint G1ConcRefinementThreads                  = 8                                         {product} {ergonomic}
   size_t G1HeapRegionSize                         = 2097152                                   {product} {ergonomic}
    uintx GCDrainStackTargetSize                   = 64                                        {product} {ergonomic}
   size_t InitialHeapSize                          = 184549376                                 {product} {ergonomic}
   size_t MarkStackSize                            = 4194304                                   {product} {ergonomic}
   size_t MaxHeapSize                              = 2927624192                                {product} {ergonomic}
   size_t MaxNewSize                               = 1755316224                                {product} {ergonomic}
   size_t MinHeapDeltaBytes                        = 2097152                                   {product} {ergonomic}
   size_t MinHeapSize                              = 8388608                                   {product} {ergonomic}
    uintx NonNMethodCodeHeapSize                   = 5839372                                {pd product} {ergonomic}
    uintx NonProfiledCodeHeapSize                  = 122909434                              {pd product} {ergonomic}
    uintx ProfiledCodeHeapSize                     = 122909434                              {pd product} {ergonomic}
    uintx ReservedCodeCacheSize                    = 251658240                              {pd product} {ergonomic}
     bool SegmentedCodeCache                       = true                                      {product} {ergonomic}
   size_t SoftMaxHeapSize                          = 2927624192                             {manageable} {ergonomic}
     bool UseCompressedOops                        = true                           {product lp64_product} {ergonomic}
     bool UseG1GC                                  = true                                      {product} {ergonomic}
     bool UseLargePagesIndividualAllocation        = false                                  {pd product} {ergonomic}

Logging:
Log output configuration:
 #0: stdout all=warning uptime,level,tags foldmultilines=false
 #1: stderr all=off uptime,level,tags foldmultilines=false

Environment Variables:
JAVA_HOME=C:\Program Files\Java\zulu21.38.21-ca-jdk21.0.5-win_x64
PATH=C:\Program Files\Java\zulu21.38.21-ca-jdk21.0.5-win_x64\bin;C:\WINDOWS\system32;C:\WINDOWS;C:\WINDOWS\System32\Wbem;C:\WINDOWS\System32\WindowsPowerShell\v1.0\;C:\WINDOWS\System32\OpenSSH\;C:\Program Files\Git\cmd;C:\Program Files (x86)\Microsoft SQL Server\160\DTS\Binn\;C:\Program Files (x86)\Microsoft SQL Server\160\Tools\Binn\;C:\Program Files\Microsoft SQL Server\160\Tools\Binn\;C:\Program Files\Microsoft SQL Server\Client SDK\ODBC\170\Tools\Binn\;C:\Program Files\Microsoft SQL Server\160\DTS\Binn\;C:\Program Files\MySQL\MySQL Shell 8.0\bin\;C:\Users\bruns\AppData\Local\Programs\Python\Python312\Scripts\;C:\Users\bruns\AppData\Local\Programs\Python\Python312\;C:\Users\bruns\AppData\Local\Microsoft\WindowsApps;C:\Users\bruns\AppData\Local\Programs\Microsoft VS Code\bin
USERNAME=bruns
OS=Windows_NT
PROCESSOR_IDENTIFIER=AMD64 Family 23 Model 17 Stepping 0, AuthenticAMD
TMP=C:\Users\bruns\AppData\Local\Temp
TEMP=C:\Users\bruns\AppData\Local\Temp




Periodic native trim disabled

---------------  S Y S T E M  ---------------

OS:
 Windows 10 , 64 bit Build 19041 (10.0.19041.5072)
OS uptime: 17 days 3:00 hours

CPU: total 8 (initial active 8) (8 cores per cpu, 2 threads per core) family 23 model 17 stepping 0 microcode 0x0, cx8, cmov, fxsr, ht, mmx, 3dnowpref, sse, sse2, sse3, ssse3, sse4a, sse4.1, sse4.2, popcnt, lzcnt, tsc, tscinvbit, avx, avx2, aes, clmul, bmi1, bmi2, adx, sha, fma, vzeroupper, clflush, clflushopt, rdtscp, f16c
Processor Information for all 8 processors :
  Max Mhz: 2000, Current Mhz: 2000, Mhz Limit: 2000

Memory: 4k page, system-wide physical 11164M (3500M free)
TotalPageFile size 12892M (AvailPageFile size 2603M)
current process WorkingSet (physical memory assigned to process): 38M, peak: 38M
current process commit charge ("private bytes"): 259M, peak: 259M

vm_info: OpenJDK 64-Bit Server VM (21.0.5+11-LTS) for windows-amd64 JRE (21.0.5+11-LTS) (Zulu21.38+21-CA), built on 2024-10-11T20:45:51Z by "zulu_re" with MS VC++ 17.1 (VS2022)

END.
